<?xml version="1.0" encoding="UTF-8"?>
<testng-results ignored="0" total="1" passed="1" failed="0" skipped="0">
  <reporter-output>
  </reporter-output>
  <suite started-at="2023-07-24T23:39:47 IST" name="Surefire suite" finished-at="2023-07-24T23:39:58 IST" duration-ms="10953">
    <groups>
    </groups>
    <test started-at="2023-07-24T23:39:47 IST" name="Surefire test" finished-at="2023-07-24T23:39:58 IST" duration-ms="10953">
      <class name="testCases.TC_BookingPageTest">
        <test-method is-config="true" signature="testSetup()[pri:0, instance:testCases.TC_BookingPageTest@7c0c77c7]" started-at="2023-07-24T23:39:44 IST" name="testSetup" finished-at="2023-07-24T23:39:47 IST" duration-ms="3403" status="PASS">
          <reporter-output>
          </reporter-output>
        </test-method> <!-- testSetup -->
        <test-method is-config="true" signature="launchURL()[pri:0, instance:testCases.TC_BookingPageTest@7c0c77c7]" started-at="2023-07-24T23:39:47 IST" name="launchURL" finished-at="2023-07-24T23:39:54 IST" duration-ms="6248" status="PASS">
          <reporter-output>
          </reporter-output>
        </test-method> <!-- launchURL -->
        <test-method signature="Homepage()[pri:0, instance:testCases.TC_BookingPageTest@7c0c77c7]" started-at="2023-07-24T23:39:54 IST" name="Homepage" finished-at="2023-07-24T23:39:58 IST" duration-ms="4681" status="PASS">
          <reporter-output>
          </reporter-output>
        </test-method> <!-- Homepage -->
        <test-method is-config="true" signature="tearDown()[pri:0, instance:testCases.TC_BookingPageTest@7c0c77c7]" started-at="2023-07-24T23:39:58 IST" name="tearDown" finished-at="2023-07-24T23:39:59 IST" duration-ms="281" status="PASS">
          <reporter-output>
          </reporter-output>
        </test-method> <!-- tearDown -->
      </class> <!-- testCases.TC_BookingPageTest -->
    </test> <!-- Surefire test -->
  </suite> <!-- Surefire suite -->
</testng-results>
